<?xml version="1.0" encoding="UTF-8" ?>
<testsuite failures="0" time="0.003" errors="0" skipped="0" tests="4" name="com.patterns.intro.RunnerTest">
  <properties>
[...]
</properties>
  <testcase time="0.003" classname="Scenario: This is my first dummy scenario" name="Given This is my first dummy given step"/>
  <testcase time="0" classname="Scenario: This is my first dummy scenario" name="When This is my second dummy given step"/>
  <testcase time="0" classname="Scenario: This is my first dummy scenario" name="Then This is my third dummy given step"/>
  <testcase time="0" classname="Scenario: This is my first dummy scenario" name="Scenario: This is my first dummy scenario"/>
</testsuite>